[12:21:11] [Server thread/INFO]: Starting minecraft server version 1.7.10
[12:21:18] [Server thread/INFO]: Loading properties
[12:21:18] [Server thread/INFO]: Default game type: SURVIVAL
[12:21:18] [Server thread/INFO]: Generating keypair
[12:21:18] [Server thread/INFO]: Starting Minecraft server on *:25565
[12:21:19] [Server thread/WARN]: Failed to load user banlist: 
java.io.FileNotFoundException: banned-players.json (Не удается найти указанный файл)
	at java.io.FileInputStream.open0(Native Method) ~[?:1.8.0_282]
	at java.io.FileInputStream.open(FileInputStream.java:195) ~[?:1.8.0_282]
	at java.io.FileInputStream.<init>(FileInputStream.java:138) ~[?:1.8.0_282]
	at com.google.common.io.Files.newReader(Files.java:86) ~[guava-17.0.jar:?]
	at net.minecraft.server.management.UserList.func_152679_g(UserList.java:195) ~[UserList.class:?]
	at net.minecraft.server.dedicated.DedicatedPlayerList.func_152620_y(DedicatedPlayerList.java:124) [DedicatedPlayerList.class:?]
	at net.minecraft.server.dedicated.DedicatedPlayerList.<init>(DedicatedPlayerList.java:31) [DedicatedPlayerList.class:?]
	at net.minecraft.server.dedicated.DedicatedServer.startServer(DedicatedServer.java:214) [DedicatedServer.class:?]
	at net.minecraft.server.MinecraftServer.run(MinecraftServer.java:445) [MinecraftServer.class:?]
	at net.minecraft.server.MinecraftServer$2.run(MinecraftServer.java:752) [MinecraftServer$2.class:?]
[12:21:19] [Server thread/WARN]: Failed to load ip banlist: 
java.io.FileNotFoundException: banned-ips.json (Не удается найти указанный файл)
	at java.io.FileInputStream.open0(Native Method) ~[?:1.8.0_282]
	at java.io.FileInputStream.open(FileInputStream.java:195) ~[?:1.8.0_282]
	at java.io.FileInputStream.<init>(FileInputStream.java:138) ~[?:1.8.0_282]
	at com.google.common.io.Files.newReader(Files.java:86) ~[guava-17.0.jar:?]
	at net.minecraft.server.management.UserList.func_152679_g(UserList.java:195) ~[UserList.class:?]
	at net.minecraft.server.dedicated.DedicatedPlayerList.func_152619_x(DedicatedPlayerList.java:112) [DedicatedPlayerList.class:?]
	at net.minecraft.server.dedicated.DedicatedPlayerList.<init>(DedicatedPlayerList.java:33) [DedicatedPlayerList.class:?]
	at net.minecraft.server.dedicated.DedicatedServer.startServer(DedicatedServer.java:214) [DedicatedServer.class:?]
	at net.minecraft.server.MinecraftServer.run(MinecraftServer.java:445) [MinecraftServer.class:?]
	at net.minecraft.server.MinecraftServer$2.run(MinecraftServer.java:752) [MinecraftServer$2.class:?]
[12:21:19] [Server thread/WARN]: Failed to load operators list: 
java.io.FileNotFoundException: ops.json (Не удается найти указанный файл)
	at java.io.FileInputStream.open0(Native Method) ~[?:1.8.0_282]
	at java.io.FileInputStream.open(FileInputStream.java:195) ~[?:1.8.0_282]
	at java.io.FileInputStream.<init>(FileInputStream.java:138) ~[?:1.8.0_282]
	at com.google.common.io.Files.newReader(Files.java:86) ~[guava-17.0.jar:?]
	at net.minecraft.server.management.UserList.func_152679_g(UserList.java:195) ~[UserList.class:?]
	at net.minecraft.server.dedicated.DedicatedPlayerList.loadOpsList(DedicatedPlayerList.java:136) [DedicatedPlayerList.class:?]
	at net.minecraft.server.dedicated.DedicatedPlayerList.<init>(DedicatedPlayerList.java:35) [DedicatedPlayerList.class:?]
	at net.minecraft.server.dedicated.DedicatedServer.startServer(DedicatedServer.java:214) [DedicatedServer.class:?]
	at net.minecraft.server.MinecraftServer.run(MinecraftServer.java:445) [MinecraftServer.class:?]
	at net.minecraft.server.MinecraftServer$2.run(MinecraftServer.java:752) [MinecraftServer$2.class:?]
[12:21:19] [Server thread/WARN]: Failed to load white-list: 
java.io.FileNotFoundException: whitelist.json (Не удается найти указанный файл)
	at java.io.FileInputStream.open0(Native Method) ~[?:1.8.0_282]
	at java.io.FileInputStream.open(FileInputStream.java:195) ~[?:1.8.0_282]
	at java.io.FileInputStream.<init>(FileInputStream.java:138) ~[?:1.8.0_282]
	at com.google.common.io.Files.newReader(Files.java:86) ~[guava-17.0.jar:?]
	at net.minecraft.server.management.UserList.func_152679_g(UserList.java:195) ~[UserList.class:?]
	at net.minecraft.server.dedicated.DedicatedPlayerList.readWhiteList(DedicatedPlayerList.java:160) [DedicatedPlayerList.class:?]
	at net.minecraft.server.dedicated.DedicatedPlayerList.<init>(DedicatedPlayerList.java:36) [DedicatedPlayerList.class:?]
	at net.minecraft.server.dedicated.DedicatedServer.startServer(DedicatedServer.java:214) [DedicatedServer.class:?]
	at net.minecraft.server.MinecraftServer.run(MinecraftServer.java:445) [MinecraftServer.class:?]
	at net.minecraft.server.MinecraftServer$2.run(MinecraftServer.java:752) [MinecraftServer$2.class:?]
[12:21:19] [Server thread/INFO]: Preparing level "world"
[12:21:19] [Server thread/INFO]: Preparing start region for level 0
[12:21:20] [Server thread/INFO]: Preparing spawn area: 11%
[12:21:21] [Server thread/INFO]: Preparing spawn area: 25%
[12:21:22] [Server thread/INFO]: Preparing spawn area: 43%
[12:21:23] [Server thread/INFO]: Preparing spawn area: 62%
[12:21:24] [Server thread/INFO]: Preparing spawn area: 80%
[12:21:25] [Server thread/INFO]: Done (6,443s)! For help, type "help" or "?"
