[12:21:11] [Server thread/INFO]: Starting minecraft server version 1.7.10
[12:21:18] [Server thread/INFO]: Loading properties
[12:21:18] [Server thread/INFO]: Default game type: SURVIVAL
[12:21:18] [Server thread/INFO]: Generating keypair
[12:21:18] [Server thread/INFO]: Starting Minecraft server on *:25565
[12:21:19] [Server thread/WARN]: Failed to load user banlist: 
java.io.FileNotFoundException: banned-players.json (Не удается найти указанный файл)
	at java.io.FileInputStream.open0(Native Method) ~[?:1.8.0_282]
	at java.io.FileInputStream.open(FileInputStream.java:195) ~[?:1.8.0_282]
	at java.io.FileInputStream.<init>(FileInputStream.java:138) ~[?:1.8.0_282]
	at com.google.common.io.Files.newReader(Files.java:86) ~[guava-17.0.jar:?]
	at net.minecraft.server.management.UserList.func_152679_g(UserList.java:195) ~[UserList.class:?]
	at net.minecraft.server.dedicated.DedicatedPlayerList.func_152620_y(DedicatedPlayerList.java:124) [DedicatedPlayerList.class:?]
	at net.minecraft.server.dedicated.DedicatedPlayerList.<init>(DedicatedPlayerList.java:31) [DedicatedPlayerList.class:?]
	at net.minecraft.server.dedicated.DedicatedServer.startServer(DedicatedServer.java:214) [DedicatedServer.class:?]
	at net.minecraft.server.MinecraftServer.run(MinecraftServer.java:445) [MinecraftServer.class:?]
	at net.minecraft.server.MinecraftServer$2.run(MinecraftServer.java:752) [MinecraftServer$2.class:?]
[12:21:19] [Server thread/WARN]: Failed to load ip banlist: 
java.io.FileNotFoundException: banned-ips.json (Не удается найти указанный файл)
	at java.io.FileInputStream.open0(Native Method) ~[?:1.8.0_282]
	at java.io.FileInputStream.open(FileInputStream.java:195) ~[?:1.8.0_282]
	at java.io.FileInputStream.<init>(FileInputStream.java:138) ~[?:1.8.0_282]
	at com.google.common.io.Files.newReader(Files.java:86) ~[guava-17.0.jar:?]
	at net.minecraft.server.management.UserList.func_152679_g(UserList.java:195) ~[UserList.class:?]
	at net.minecraft.server.dedicated.DedicatedPlayerList.func_152619_x(DedicatedPlayerList.java:112) [DedicatedPlayerList.class:?]
	at net.minecraft.server.dedicated.DedicatedPlayerList.<init>(DedicatedPlayerList.java:33) [DedicatedPlayerList.class:?]
	at net.minecraft.server.dedicated.DedicatedServer.startServer(DedicatedServer.java:214) [DedicatedServer.class:?]
	at net.minecraft.server.MinecraftServer.run(MinecraftServer.java:445) [MinecraftServer.class:?]
	at net.minecraft.server.MinecraftServer$2.run(MinecraftServer.java:752) [MinecraftServer$2.class:?]
[12:21:19] [Server thread/WARN]: Failed to load operators list: 
java.io.FileNotFoundException: ops.json (Не удается найти указанный файл)
	at java.io.FileInputStream.open0(Native Method) ~[?:1.8.0_282]
	at java.io.FileInputStream.open(FileInputStream.java:195) ~[?:1.8.0_282]
	at java.io.FileInputStream.<init>(FileInputStream.java:138) ~[?:1.8.0_282]
	at com.google.common.io.Files.newReader(Files.java:86) ~[guava-17.0.jar:?]
	at net.minecraft.server.management.UserList.func_152679_g(UserList.java:195) ~[UserList.class:?]
	at net.minecraft.server.dedicated.DedicatedPlayerList.loadOpsList(DedicatedPlayerList.java:136) [DedicatedPlayerList.class:?]
	at net.minecraft.server.dedicated.DedicatedPlayerList.<init>(DedicatedPlayerList.java:35) [DedicatedPlayerList.class:?]
	at net.minecraft.server.dedicated.DedicatedServer.startServer(DedicatedServer.java:214) [DedicatedServer.class:?]
	at net.minecraft.server.MinecraftServer.run(MinecraftServer.java:445) [MinecraftServer.class:?]
	at net.minecraft.server.MinecraftServer$2.run(MinecraftServer.java:752) [MinecraftServer$2.class:?]
[12:21:19] [Server thread/WARN]: Failed to load white-list: 
java.io.FileNotFoundException: whitelist.json (Не удается найти указанный файл)
	at java.io.FileInputStream.open0(Native Method) ~[?:1.8.0_282]
	at java.io.FileInputStream.open(FileInputStream.java:195) ~[?:1.8.0_282]
	at java.io.FileInputStream.<init>(FileInputStream.java:138) ~[?:1.8.0_282]
	at com.google.common.io.Files.newReader(Files.java:86) ~[guava-17.0.jar:?]
	at net.minecraft.server.management.UserList.func_152679_g(UserList.java:195) ~[UserList.class:?]
	at net.minecraft.server.dedicated.DedicatedPlayerList.readWhiteList(DedicatedPlayerList.java:160) [DedicatedPlayerList.class:?]
	at net.minecraft.server.dedicated.DedicatedPlayerList.<init>(DedicatedPlayerList.java:36) [DedicatedPlayerList.class:?]
	at net.minecraft.server.dedicated.DedicatedServer.startServer(DedicatedServer.java:214) [DedicatedServer.class:?]
	at net.minecraft.server.MinecraftServer.run(MinecraftServer.java:445) [MinecraftServer.class:?]
	at net.minecraft.server.MinecraftServer$2.run(MinecraftServer.java:752) [MinecraftServer$2.class:?]
[12:21:19] [Server thread/INFO]: Preparing level "world"
[12:21:19] [Server thread/INFO]: Preparing start region for level 0
[12:21:20] [Server thread/INFO]: Preparing spawn area: 11%
[12:21:21] [Server thread/INFO]: Preparing spawn area: 25%
[12:21:22] [Server thread/INFO]: Preparing spawn area: 43%
[12:21:23] [Server thread/INFO]: Preparing spawn area: 62%
[12:21:24] [Server thread/INFO]: Preparing spawn area: 80%
[12:21:25] [Server thread/INFO]: Done (6,443s)! For help, type "help" or "?"
[12:22:38] [Server thread/INFO]: com.mojang.authlib.GameProfile@78fe6048[id=<null>,name=Player578,properties={},legacy=false] (/127.0.0.1:50170) lost connection: Disconnected
[12:23:30] [Server thread/INFO]: Unknown command. Try /help for a list of commands
[12:23:37] [Server thread/INFO]: Stopping server
[12:23:37] [Server thread/INFO]: Saving players
[12:23:37] [Server thread/INFO]: Saving worlds
[12:23:37] [Server thread/INFO]: Saving chunks for level 'world'/Overworld
[12:23:37] [Server thread/INFO]: Saving chunks for level 'world'/Nether
[12:23:37] [Server thread/INFO]: Saving chunks for level 'world'/The End
read/WARN]: File tm:sounds/BrookAttackAngry.ogg does not exist, cannot add it to event tm:BrookAttackAngry
[12:21:59] [Client thread/WARN]: File tm:sounds/BrookLaugh.ogg does not exist, cannot add it to event tm:BrookLaugh
[12:21:59] [Client thread/WARN]: File tm:sounds/BrookYoHoHo.ogg does not exist, cannot add it to event tm:BrookYoHoHo
[12:21:59] [Client thread/WARN]: File tm:sounds/LongBrookYohoho.ogg does not exist, cannot add it to event tm:LongBrookYohoho
[12:21:59] [Client thread/WARN]: File tm:sounds/FrankyIfHealthIsLow.ogg does not exist, cannot add it to event tm:FrankyIfHealthIsLow
[12:21:59] [Client thread/WARN]: File tm:sounds/FrankyPunch.ogg does not exist, cannot add it to event tm:FrankyPunch
[12:21:59] [Client thread/WARN]: File tm:sounds/FrankySuperPunch.ogg does not exist, cannot add it to event tm:FrankySuperPunch
[12:21:59] [Client thread/WARN]: File tm:sounds/FrankyHit.ogg does not exist, cannot add it to event tm:FrankyHit
[12:21:59] [Client thread/WARN]: File tm:sounds/FrankyCola.ogg does not exist, cannot add it to event tm:FrankyCola
[12:21:59] [Client thread/WARN]: File tm:sounds/FrankyThereItIs.ogg does not exist, cannot add it to event tm:FrankyThereItIs
[12:21:59] [Client thread/WARN]: File tm:sounds/FrankySuper.ogg does not exist, cannot add it to event tm:FrankySuper
[12:21:59] [Client thread/WARN]: File tm:sounds/FrankyLaughing.ogg does not exist, cannot add it to event tm:FrankyLaughing
[12:21:59] [Client thread/WARN]: File tm:sounds/LuffyDeath.ogg does not exist, cannot add it to event tm:LuffyDeath
[12:21:59] [Client thread/WARN]: File tm:sounds/LuffyEating.ogg does not exist, cannot add it to event tm:LuffyEating
[12:21:59] [Client thread/WARN]: File tm:sounds/LuffyHit.ogg does not exist, cannot add it to event tm:LuffyHit
[12:21:59] [Client thread/WARN]: File tm:sounds/LuffyHuHeh.ogg does not exist, cannot add it to event tm:LuffyHuHeh
[12:21:59] [Client thread/WARN]: File tm:sounds/LuffyNowGumGum.ogg does not exist, cannot add it to event tm:LuffyNowGumGum
[12:21:59] [Client thread/WARN]: File tm:sounds/BrookDeath.ogg does not exist, cannot add it to event tm:BrookDeath
[12:21:59] [Client thread/WARN]: File tm:sounds/Zoro3Swords.ogg does not exist, cannot add it to event tm:Zoro3Swords
[12:21:59] [Client thread/WARN]: File tm:sounds/ZoroGoodStuff.ogg does not exist, cannot add it to event tm:ZoroGoodStuff
[12:21:59] [Client thread/WARN]: File tm:sounds/ZoroHurt2.ogg does not exist, cannot add it to event tm:ZoroHurt2
[12:21:59] [Client thread/WARN]: File tm:sounds/ZoroLaughing.ogg does not exist, cannot add it to event tm:ZoroLaughing
[12:21:59] [Client thread/WARN]: File tm:sounds/ZoroSwordDraw.ogg does not exist, cannot add it to event tm:ZoroSwordDraw
[12:21:59] [Client thread/WARN]: File tm:sounds/ZoroNowYou.ogg does not exist, cannot add it to event tm:ZoroNowYou
[12:21:59] [Client thread/WARN]: File tm:sounds/ZoroNotFail.ogg does not exist, cannot add it to event tm:ZoroNotFail
[12:21:59] [Client thread/WARN]: File tm:sounds/ZoroAngry.ogg does not exist, cannot add it to event tm:ZoroAngry
[12:21:59] [Client thread/WARN]: File tm:sounds/PainTheme.ogg does not exist, cannot add it to event tm:PainTheme
[12:21:59] [Client thread/WARN]: File tm:sounds/HidanTheme.ogg does not exist, cannot add it to event tm:HidanTheme
[12:21:59] [Client thread/WARN]: File tm:sounds/ItachiTheme.ogg does not exist, cannot add it to event tm:ItachiTheme
[12:21:59] [Client thread/WARN]: File tm:sounds/KakuzuTheme.ogg does not exist, cannot add it to event tm:KakuzuTheme
[12:21:59] [Client thread/WARN]: File tm:sounds/ZetsuTheme.ogg does not exist, cannot add it to event tm:ZetsuTheme
[12:21:59] [Client thread/WARN]: File tm:sounds/SasoriTheme.ogg does not exist, cannot add it to event tm:SasoriTheme
[12:21:59] [Client thread/WARN]: File tm:sounds/KisameTheme.ogg does not exist, cannot add it to event tm:KisameTheme
[12:21:59] [Client thread/WARN]: File tm:sounds/DeidaraTheme.ogg does not exist, cannot add it to event tm:DeidaraTheme
[12:21:59] [Client thread/WARN]: File tm:sounds/ObitoTheme.ogg does not exist, cannot add it to event tm:ObitoTheme
[12:21:59] [Client thread/WARN]: File tm:sounds/TailedScream.ogg does not exist, cannot add it to event tm:TailedScream
[12:21:59] [Client thread/WARN]: File tm:sounds/sharinganSound.ogg does not exist, cannot add it to event tm:sharinganSound
[12:21:59] [Client thread/WARN]: File tm:sounds/byakuganSound.ogg does not exist, cannot add it to event tm:byakuganSound
[12:21:59] [Client thread/WARN]: File tm:sounds/rinneganSound.ogg does not exist, cannot add it to event tm:rinneganSound
[12:21:59] [Client thread/WARN]: File tm:sounds/AmaterasuSound2.ogg does not exist, cannot add it to event tm:AmaterasuSound2
[12:21:59] [Client thread/WARN]: File tm:sounds/ChidoriSound.ogg does not exist, cannot add it to event tm:ChidoriSound
[12:21:59] [Client thread/INFO]: Created: 16x16 textures/blocks-atlas
[12:21:59] [Client thread/INFO]: Created: 16x16 textures/items-atlas
[12:21:59] [Client thread/INFO]: Reloading ResourceManager: Default, FMLFileResourcePack:Forge Mod Loader, FMLFileResourcePack:Minecraft Forge, FMLFileResourcePack:Naruto Mod, FMLFileResourcePack:firefix
[12:22:00] [Client thread/INFO]: Created: 1024x1024 textures/blocks-atlas
[12:22:00] [Client thread/INFO]: Created: 2048x2048 textures/items-atlas
[12:22:01] [Client thread/WARN]: File tm:sounds/brookViolin.ogg does not exist, cannot add it to event tm:brookViolin
[12:22:01] [Client thread/WARN]: File tm:sounds/BrookAttack.ogg does not exist, cannot add it to event tm:BrookAttack
[12:22:01] [Client thread/WARN]: File tm:sounds/BrookAttackAngry.ogg does not exist, cannot add it to event tm:BrookAttackAngry
[12:22:01] [Client thread/WARN]: File tm:sounds/BrookLaugh.ogg does not exist, cannot add it to event tm:BrookLaugh
[12:22:01] [Client thread/WARN]: File tm:sounds/BrookYoHoHo.ogg does not exist, cannot add it to event tm:BrookYoHoHo
[12:22:01] [Client thread/WARN]: File tm:sounds/LongBrookYohoho.ogg does not exist, cannot add it to event tm:LongBrookYohoho
[12:22:01] [Client thread/WARN]: File tm:sounds/FrankyIfHealthIsLow.ogg does not exist, cannot add it to event tm:FrankyIfHealthIsLow
[12:22:01] [Client thread/WARN]: File tm:sounds/FrankyPunch.ogg does not exist, cannot add it to event tm:FrankyPunch
[12:22:01] [Client thread/WARN]: File tm:sounds/FrankySuperPunch.ogg does not exist, cannot add it to event tm:FrankySuperPunch
[12:22:01] [Client thread/WARN]: File tm:sounds/FrankyHit.ogg does not exist, cannot add it to event tm:FrankyHit
[12:22:01] [Client thread/WARN]: File tm:sounds/FrankyCola.ogg does not exist, cannot add it to event tm:FrankyCola
[12:22:01] [Client thread/WARN]: File tm:sounds/FrankyThereItIs.ogg does not exist, cannot add it to event tm:FrankyThereItIs
[12:22:01] [Client thread/WARN]: File tm:sounds/FrankySuper.ogg does not exist, cannot add it to event tm:FrankySuper
[12:22:01] [Client thread/WARN]: File tm:sounds/FrankyLaughing.ogg does not exist, cannot add it to event tm:FrankyLaughing
[12:22:01] [Client thread/WARN]: File tm:sounds/LuffyDeath.ogg does not exist, cannot add it to event tm:LuffyDeath
[12:22:01] [Client thread/WARN]: File tm:sounds/LuffyEating.ogg does not exist, cannot add it to event tm:LuffyEating
[12:22:01] [Client thread/WARN]: File tm:sounds/LuffyHit.ogg does not exist, cannot add it to event tm:LuffyHit
[12:22:01] [Client thread/WARN]: File tm:sounds/LuffyHuHeh.ogg does not exist, cannot add it to event tm:LuffyHuHeh
[12:22:01] [Client thread/WARN]: File tm:sounds/LuffyNowGumGum.ogg does not exist, cannot add it to event tm:LuffyNowGumGum
[12:22:01] [Client thread/WARN]: File tm:sounds/BrookDeath.ogg does not exist, cannot add it to event tm:BrookDeath
[12:22:01] [Client thread/WARN]: File tm:sounds/Zoro3Swords.ogg does not exist, cannot add it to event tm:Zoro3Swords
[12:22:01] [Client thread/WARN]: File tm:sounds/ZoroGoodStuff.ogg does not exist, cannot add it to event tm:ZoroGoodStuff
[12:22:01] [Client thread/WARN]: File tm:sounds/ZoroHurt2.ogg does not exist, cannot add it to event tm:ZoroHurt2
[12:22:01] [Client thread/WARN]: File tm:sounds/ZoroLaughing.ogg does not exist, cannot add it to event tm:ZoroLaughing
[12:22:01] [Client thread/WARN]: File tm:sounds/ZoroSwordDraw.ogg does not exist, cannot add it to event tm:ZoroSwordDraw
[12:22:01] [Client thread/WARN]: File tm:sounds/ZoroNowYou.ogg does not exist, cannot add it to event tm:ZoroNowYou
[12:22:01] [Client thread/WARN]: File tm:sounds/ZoroNotFail.ogg does not exist, cannot add it to event tm:ZoroNotFail
[12:22:01] [Client thread/WARN]: File tm:sounds/ZoroAngry.ogg does not exist, cannot add it to event tm:ZoroAngry
[12:22:01] [Client thread/WARN]: File tm:sounds/PainTheme.ogg does not exist, cannot add it to event tm:PainTheme
[12:22:01] [Client thread/WARN]: File tm:sounds/HidanTheme.ogg does not exist, cannot add it to event tm:HidanTheme
[12:22:01] [Client thread/WARN]: File tm:sounds/ItachiTheme.ogg does not exist, cannot add it to event tm:ItachiTheme
[12:22:01] [Client thread/WARN]: File tm:sounds/KakuzuTheme.ogg does not exist, cannot add it to event tm:KakuzuTheme
[12:22:01] [Client thread/WARN]: File tm:sounds/ZetsuTheme.ogg does not exist, cannot add it to event tm:ZetsuTheme
[12:22:01] [Client thread/WARN]: File tm:sounds/SasoriTheme.ogg does not exist, cannot add it to event tm:SasoriTheme
[12:22:01] [Client thread/WARN]: File tm:sounds/KisameTheme.ogg does not exist, cannot add it to event tm:KisameTheme
[12:22:01] [Client thread/WARN]: File tm:sounds/DeidaraTheme.ogg does not exist, cannot add it to event tm:DeidaraTheme
[12:22:01] [Client thread/WARN]: File tm:sounds/ObitoTheme.ogg does not exist, cannot add it to event tm:ObitoTheme
[12:22:01] [Client thread/WARN]: File tm:sounds/TailedScream.ogg does not exist, cannot add it to event tm:TailedScream
[12:22:01] [Client thread/WARN]: File tm:sounds/sharinganSound.ogg does not exist, cannot add it to event tm:sharinganSound
[12:22:01] [Client thread/WARN]: File tm:sounds/byakuganSound.ogg does not exist, cannot add it to event tm:byakuganSound
[12:22:01] [Client thread/WARN]: File tm:sounds/rinneganSound.ogg does not exist, cannot add it to event tm:rinneganSound
[12:22:01] [Client thread/WARN]: File tm:sounds/AmaterasuSound2.ogg does not exist, cannot add it to event tm:AmaterasuSound2
[12:22:01] [Client thread/WARN]: File tm:sounds/ChidoriSound.ogg does not exist, cannot add it to event tm:ChidoriSound
[12:22:01] [Sound Library Loader/INFO]: Sound engine started
[12:22:21] [Server thread/INFO]: Starting integrated minecraft server version 1.7.10
[12:22:21] [Server thread/INFO]: Generating keypair
[12:22:21] [Server thread/INFO]: Preparing start region for level 0
[12:22:22] [Server thread/INFO]: Changing view distance to 12, from 10
[12:22:22] [Server thread/INFO]: Player578[local:E:5842d492] logged in with entity id 433 at (20.57210764991291, 74.966774110407, 249.24396465559096)
[12:22:22] [Server thread/INFO]: Player578 joined the game
[12:22:25] [Server thread/INFO]: Saving and pausing game...
[12:22:25] [Server thread/INFO]: Saving chunks for level 'New World'/Overworld
[12:22:25] [Server thread/INFO]: Saving chunks for level 'New World'/Nether
[12:22:25] [Server thread/INFO]: Saving chunks for level 'New World'/The End
[12:22:26] [Server thread/INFO]: Stopping server
[12:22:26] [Server thread/INFO]: Saving players
[12:22:26] [Server thread/INFO]: Saving worlds
[12:22:26] [Server thread/INFO]: Saving chunks for level 'New World'/Overworld
[12:22:26] [Server thread/INFO]: Saving chunks for level 'New World'/Nether
[12:22:26] [Server thread/INFO]: Saving chunks for level 'New World'/The End
[12:22:37] [Client thread/INFO]: Connecting to localhost, 25565
[12:24:00] [Client thread/INFO]: Connecting to localhost, 25565
[12:24:00] [Client thread/INFO]: [CHAT] As thanks for reaching 5000
[12:24:00] [Client thread/INFO]: [CHAT] subscribers on the Mathioks channel,
[12:24:00] [Client thread/INFO]: [CHAT] I present you with this little
[12:24:00] [Client thread/INFO]: [CHAT] package that may help you on
[12:24:00] [Client thread/INFO]: [CHAT] your adventures!
[12:24:00] [Client thread/INFO]: [CHAT] -Mathioks
[12:24:16] [Client thread/INFO]: [CHAT] [Server: Opped Player578]
[12:24:19] [Client thread/INFO]: [CHAT] /gamemode, /give, /gamerule
[12:24:19] [Client thread/INFO]: [CHAT] /gamemode, /give, /gamerule
[12:24:20] [Client thread/INFO]: [CHAT] /gamemode, /give, /gamerule
[12:24:20] [Client thread/INFO]: [CHAT] /gamemode, /give, /gamerule
[12:24:21] [Client thread/INFO]: [CHAT] Your game mode has been updated
[12:24:24] [Client thread/INFO]: [CHAT] AM:legskisame, AM:legsobito3, minecraft:cauldron, minecraft:heavy_weighted_pressure_plate, AM:legsSixPaths1, AM:LightningReleaseChidoriSharpSpear, minecraft:bread, AM:bootssasukertr, AM:ItemKnocking, AM:SkillLearnerChomei, AM:legsdeidara, AM:summoningCorner1, AM:WaterGunshotItem, minecraft:iron_block, AM:LegsfinalAnbu, AM:ItemWarmSake, AM:SkillLearnerStormRelease, minecraft:item_fra[12:24:29] [Server thread/INFO]: [Player578: Given [Amaterasu Fire] * 1 to Player578]
[12:25:54] [Server thread/INFO]: Player578 has just earned the achievement [Taking Inventory]
[12:31:47] [Server thread/INFO]: Player578 lost connection: TextComponent{text='Disconnected', siblings=[], style=Style{hasParent=false, color=null, bold=null, italic=null, underlined=null, obfuscated=null, clickEvent=null, hoverEvent=null}}
[12:31:47] [Server thread/INFO]: Player578 left the game
[12:32:08] [Server thread/INFO]: Stopping server
[12:32:08] [Server thread/INFO]: Saving players
[12:32:08] [Server thread/INFO]: Saving worlds
[12:32:08] [Server thread/INFO]: Saving chunks for level 'world'/Overworld
[12:32:08] [Server thread/INFO]: Saving chunks for level 'world'/Nether
[12:32:08] [Server thread/INFO]: Saving chunks for level 'world'/The End
ettsuchikage, AM:legsRaiJounin, AM:chestplateHan2, AM:helmetSixPaths2, AM:ItemCrystalBlade, minecraft:brick_block, AM:KusanagiItem, AM:BoilReleaseFlowerRepentanceTechnique, AM:SkillLearnerWoodRelease, AM:chestplatesasukethelast3, AM:legsino, AM:EyeMedicine, AM:ItemThunderBlade, AM:bootsmaskedman, AM:chestplateshisui, AM:DefeatChomei, minecraft:repeater, minecraft:coal_block, AM:blockBoneTop, AM:DustReleaseDetachmentWorld, AM:YangReleaseMultipleSwordsOfLight, minecraft:quartz_block, AM:NaraClanBlackSpiderLily, minecraft:fish, AM:DeathPossessionML, minecraft:quartz_ore, AM:ChakraRecharge, minecraft:bowl, AM:legsObitoYoung, AM:SharinganNegativeConfusion, minecraft:anvil, AM:chestplatekimimaro, AM:helmethikari, AM:SummonKatsuyu, AM:LeafDragonGodItem, minecraft:diamond_block, minecraft:filled_map, AM:helmetSamurai, AM:helmetcloud, AM:StormReleaseDemonStorm, AM:MedicalCreationRebirth, AM:bootssakura, AM:legsJinshuriki, AM:RareJutsuItem, AM:UchihaWood, AM:helmetTest, AM:SkillLearnerIburi, AM:bootssasori, AM:SkillLearnerIsobu, minecraft:brown_mushroom, AM:CrystalDragonItem, AM:MatatabiFlameDragonItem, AM:YinReleaseDomeOfDarkness, AM:legshikari, AM:UchihaLetter2, AM:RinneganLimbo, AM:DefeatMatatabi, AM:chestplatetsuchikage, AM:KatanaGoldItem, AM:BQuestTransferDocuments, AM:IceReleaseIceDragon, AM:ItemDuvel, minecraft:record_wait, AM:UzumakiReaperDeathSeal, AM:chestplateYaguro, minecraft:potato, AM:bootsSixPaths2, minecraft:dragon_egg, AM:MilitaryPillGreen, AM:StormReleaseLaserCircus, AM:RinneganTengaiItem, AM:DQuestBabysitting, minecraft:detector_rail, AM:chestplatehinatathelast, minecraft:light_weighted_pressure_plate, AM:ChakraSeal, AM:DynamicEntry, AM:BlockBlueFire, AM:helmetedo, AM:helmetkidkakashi, minecraft:iron_chestplate, AM:RyoSilver, minecraft:lava_bucket, AM:SubsPresent5000, minecraft:cactus, AM:TantoStoneItem, minecraft:diamond_helmet, minecraft:saddle, AM:KamuiTeleportDimensions, minecraft:acacia_stairs, AM:bootslee, AM:IceReleaseDemonicIceMirrors, AM:bootsmadara, AM:legsboruto, AM:IceReleaseDome, AM:SkillLearnerYamanaka, AM:bootskabuto, AM:helmetmadarayoung, AM:ItemHighGradeRhum, minecraft:brick_stairs, AM:ItemChidori, minecraft:daylight_detector, AM:StormReleaseBlackHunting, minecraft:water_bucket, AM:helmetsasuketaka2, AM:bootschoji, AM:SkillLearnerByakugan, AM:KamuiIntangibility, minecraft:lead, AM:helmetMizuJounin, minecraft:firework_charge, AM:ChakraRestoreItem4, minecraft:sticky_piston, minecraft:coal_ore, minecraft:golden_pickaxe, AM:ItemHighGradeSake, minecraft:record_11, minecraft:gravel, AM:chestplatetobirama, AM:bootszabuza, AM:DaytimeTiger, AM:ChakraRestoreItem3, AM:Easter2018Kinjutsu, AM:chestplateobito4, AM:JutsuWater, AM:WoodReleasePillarPrison, minecraft:lever, minecraft:bone, minecraft:paper, AM:helmetgaara, AM:YinReleaseSwordsOfDarkness, AM:WaterBulletItem, AM:MagnetReleaseGoldDust, AM:SteelReleaseImpervious, AM:chestplatekisame, minecraft:noteblock, minecraft:glass, AM:DefeatSonGoku, AM:bootsasura, AM:ItemDiamondMinecart, minecraft:milk_bucket, AM:bootsJounin, AM:legsChakraMode, AM:chestplatekidkakashi, AM:Easter2018EasterEggBlue, minecraft:tnt_minecart, minecraft:flower_pot, minecraft:emerald, AM:summoningSide4, minecraft:red_flower, AM:IceReleaseIcePrisonTechnique, AM:SkillLearnerTsuchigumo, minecraft:book, AM:legsAnbu3, AM:SharinganKamuiBounce, minecraft:bookshelf, AM:bootshinatathelast, AM:legsLeafJounin, minecraft:sand, AM:ChakraNaturePaper, AM:ItemSusanooSword, minecraft:ender_pearl, AM:ItemWhiskey, minecraft:wooden_door, AM:LeafWhirlwind, AM:chestplatesasukertr, minecraft:chainmail_boots, AM:bootsNaruto, minecraft:golden_axe, AM:JutsuStone, AM:SkillLearnerWaterRelease, AM:Easter2018CrackedEasterEggYellow, minecraft:obsidian, AM:legsedo, minecraft:ender_eye, AM:helmetSound, AM:FireReleaseFireBallJutsu, minecraft:iron_pickaxe, minecraft:mossy_cobblestone, AM:DeathPossessionBR, AM:DefeatIsobu, AM:chestplateTsuJounin, AM:Easter2018Genjutsu, AM:KageSmallShurikenJutsu, AM:KaguyaClanFern, AM:ItemHighGradeLiquor, AM:WoodKatanaItem, minecraft:poisonous_potato, AM:helmetneji2, AM:KageShurikenJutsu, AM:SkillLearnerIceRelease, AM:helmetlee, AM:blockSub, AM:ChestplatefinalAnbu, AM:DefeatGamakichi, AM:helmetObitoYoung, AM:SkillLearnerDustRelease, AM:crystalBlockDown, AM:WindReleaseBlade, AM:ItemTsukuyomi, minecraft:activator_rail, AM:legsneji2, AM:NaraNeckBind, minecraft:record_far, AM:WorldMystery, AM:ItemIntimidation, AM:SpawnPain, AM:ByakuganGentleFist, AM:chestplateTest, AM:KaguyaClanCamellia, AM:helmetJinshuriki, AM:StormReleaseDemon, AM:Jinshuriki2Test, AM:bootshinata, AM:Easter2018EasterEggGreen, AM:ItemHalfAliterOfBeer, AM:TantoItem, AM:WoodDragonItem, minecraft:monster_egg, AM:ChakraRestoreItem, AM:KatanaDiamondItem, AM:ItemRhum, minecraft:stone_shovel, AM:MagnetReleaseGoldDust2, AM:chestplateedo, AM:bootsSage, AM:SmokeBomb, minecraft:ladder, AM:legsmaskedman, AM:kunaiBomb, AM:InuzukaSpawnKuromaru, AM:helmetsarada, minecraft:cooked_porkchop, minecraft:chainmail_leggings, AM:chestplatesasuketaka2, AM:SpawnShopKeeper, AM:SNDKatanaItem2, AM:HiddenShadowSnakeHands, AM:ItemSake, AM:KaguyaClanBoneWall, minecraft:birch_stairs, AM:GunbaiItem, AM:legsJinshuriki2, AM:bootsAnbu3, AM:YangReleaseFlashOfLight, AM:SummonManda, minecraft:wheat_seeds, minecraft:jukebox, AM:bootszabuza3, AM:legssarada, AM:chestplatehikari, minecraft:diamond_leggings, AM:helmetmenma, AM:BQuestStealDocuments, AM:LightningReleaseThunderBlade, AM:SkillLearnerSonGoku, minecraft:writable_book, AM:legsSage, AM:chestplateObitoYoung, AM:bootsObitoMask2, minecraft:feather, minecraft:wool, AM:UchihaLetter, AM:CleaverItem, AM:helmetAnbu1, AM:ItemWarmBeer, AM:legsGenin, AM:bootsSnop, AM:SkillLearnerMagnetRelease, AM:HiramekareiItem, AM:DQuest, AM:legsshikamaruyoung, minecraft:redstone_ore, AM:EightGates, AM:SixPaths1Test, AM:helmetRoshi, AM:chestplateJinshuriki, AM:SageInsectSoup, AM:bootssakura2, AM:chestplatezabuza3, AM:ReverseLotus, AM:summoningSide1, AM:SkillLearnerAkimichi, minecraft:bucket, AM:KetsuryuganExpodingBloodTouch, AM:YinReleaseMultipleSwordsOfDarkness, AM:ItemAmaterasu, AM:legsSixPaths2, AM:RinneganAlmightyPull, AM:WaterDragonItem, AM:windblade, AM:summoningCorner2, AM:legsminatogenin, minecraft:iron_helmet, minecraft:stonebrick, AM:LightningReleaseChidoriSenbon, AM:chestplatesasukethelast, minecraft:vine, AM:helmetTest2, AM:MagnetReleaseIronDrizzle, AM:chestplateSenju, AM:chestplateSixPaths1, AM:blockSandDown, AM:helmetEaster, AM:legsMizuJounin, AM:chestplateSixPaths, AM:naraShadowBlock, AM:legsSnop, minecraft:stone_button, AM:legssasukethelast3, minecraft:golden_horse_armor, minecraft:glass_bottle, AM:chestplatesakura2, AM:WindReleaseRasengan, AM:AQuestAssassination, AM:helmetChakraMode, AM:helmetYugito, minecraft:command_block, minecraft:waterlily, AM:Easter2018EasterEgg, AM:ItemSharingan3, AM:BloodPrisonBlock, minecraft:quartz, AM:ItemTheBoot, AM:blockAmaterasu, AM:MilitaryPillYellow, AM:SpawnQuestGiver, AM:Easter2018EasterEggRed, AM:YangReleaseDomeOfLight, AM:chestplateAnbu1, AM:GreatFireBallItem, AM:EveningElephant, AM:legsYugito, AM:NaraClanShadowImitationTechnique, AM:WaterReleaseGreatWaterArm, minecraft:golden_boots, AM:bootsUchiha, minecraft:hopper, AM:SummonGamabunta, AM:WoodReleaseNativity, minecraft:enchanted_book, AM:Episode1, AM:CompanionMedal, AM:SkillLearnerExplosionRelease, minecraft:baked_potato, minecraft:melon_seeds, AM:SharinganGenjutsuCrows, minecraft:yellow_flower, minecraft:hopper_minecart, AM:SkillLearnerSarutobi, minecraft:nether_star, AM:LavaReleaseCongealing, AM:chestplateRaiJounin, AM:LavaReleaseStreamRockTechnique, AM:bootsKillerB, AM:SixPaths2Test, AM:KamuiBlock, AM:UchihaCloth, AM:SkillLearnerGyuki, AM:ChuninExamWinningEmblem, minecraft:pumpkin, AM:SkillLearnerMatatabiFireRelease, AM:bootsGenin, AM:bootsSasuke, AM:bootsnarutothelast, AM:chestplateTest2, AM:DeathPossessionMM, AM:MedicalYinHealingWoundDestruction, AM:LightningReleaseLariat, AM:chestplateminatogenin, AM:LavaReleaseChakraMode, minecraft:skull, AM:KaguyaFinalDanceClematisFern, AM:SQuestEscort, AM:ItemKaguyaBone, AM:ChakraRechargeUltimate, AM:helmethinatathelast, AM:LightningReleaseStaticForce, AM:RinneganAmenotejikara, AM:PuppetControl1, AM:MatatabiReleaseRunningFireJutsu, AM:chestplateKillerB, minecraft:lapis_ore, AM:WoodReleaseTreeBind, minecraft:redstone_block, AM:ChinoikeGenjutsu, minecraft:blaze_powder, AM:NightGuy, AM:chestplateChakraMode, AM:SkilllearnerMedical, AM:KaguyaClanVine, AM:ByakuganEightTrigramsVacuumPalm, AM:ItemSmokeGun, minecraft:clock, AM:SilverBladeItem, AM:Katana5Item, AM:SkillLearnerLavaRelease, AM:bootsshisui, AM:ScorchReleaseSetup, AM:SealedSageScroll, AM:GreatFireballFastItem, AM:CQuest, AM:chestplateChuunin, AM:Ramen, AM:chestplateLeafJounin, AM:RinneganChakraRods, AM:MilitaryPillPurple, AM:helmetshikamaruyoung, minecraft:chicken, AM:legscloud, AM:WindReleaseBeastTearingPalm, minecraft:red_mushroom, AM:EyeMedicinePlantSeeds, AM:WaterReleaseStormyBlockade, minecraft:iron_hoe, AM:RinneganChakraRod, minecraft:crafting_table, minecraft:wooden_pressure_plate, minecraft:snowball, AM:DeathPossessionTL, AM:helmetsakura2, AM:MatatabiGreatFireballFastItem, minecraft:leather, AM:MedicalNinjaArtCreationRebirthSOAHT, minecraft:end_portal_frame, AM:ItemHighGradeDarkRhum, AM:SharinganKagutsuchiFlameControl, AM:EarthReleaseEarthWall, AM:ScorchReleaseMultipleFallingSuns, AM:UchihaKusanagiItem2, minecraft:sign, minecraft:chainmail_helmet, AM:SteelReleaseIronClad, minecraft:clay_ball, minecraft:packed_ice, AM:helmetsasukethelast3, AM:MagnetReleaseGoldPush, AM:oilBlock, AM:bootsHaku, AM:DeathPossessionBL, AM:bootsYaguro, minecraft:glass_pane, AM:SkillLearnerSteelRelease, AM:KamuiTeleport, minecraft:dye, minecraft:diamond_ore, minecraft:speckled_melon, AM:ToadOilBullet, AM:chestplateEmpty, AM:FlameDragonItem, AM:FuhmaShurikenRedeemToken, minecraft:magma_cream, AM:WindReleaseScattering, AM:TwinSnakesMutualDeathTechnique, AM:chestplatesarada, AM:BindingSnakeGlare, AM:SpirallingRingItem, AM:MedicalChakraScalpel, minecraft:fence_gate, AM:SkillLearnerSaiken, AM:SteelReleaseAssimilationShrapnel, AM:extra, AM:SharinganSubstitutionJutsu, minecraft:golden_carrot, minecraft:lit_pumpkin, AM:SkillLearnerInuzuka, AM:WindReleaseVacuum, minecraft:stick, AM:legstobirama, AM:KageBunshinMulti, AM:LightningReleaseLightningMode, AM:RinneganAlmightyPush, AM:UltimateJutsuItem, minecraft:sugar, AM:legsHaku, AM:bootskimimaro, AM:LightningReleaseKirin, AM:Easter2018CrackedEasterEggBlue, minecraft:egg, AM:DefeatGyuki, AM:ItemMugOBeer, AM:undefinedDNA, minecraft:tnt, AM:SarutobiAsh, minecraft:beef, AM:IceReleaseIceNeedles, minecraft:record_cat, AM:SpawnGenin, minecraft:trapdoor, minecraft:written_book, AM:bootscloud, AM:kunai, minecraft:carpet, minecraft:flint, AM:bootsrin, AM:FireReleaseFireBulletJutsu, minecraft:record_strad, AM:legsgaara, minecraft:dispenser, AM:legsmadarayoung, AM:LightningBallItem, minecraft:record_chirp, AM:ItemShot, AM:StrongFist, AM:legssasuketaka2, AM:ExplosionReleaseC2, minecraft:stained_glass, AM:bootsobito4, AM:IburiClanSmokeGun, AM:RegularJutsuItem, AM:SenbonItem, AM:RinneganUnivPullItem, AM:legszabuza3, AM:NourishmentJutsu, AM:bootskisame, AM:WaterReleaseWaterSharkJutsu, AM:bootsobito3, AM:bootssasuke2, minecraft:wooden_pickaxe, AM:CrystalReleaseCrimsonFruit, AM:bootsHan2, minecraft:comparator, AM:chestplateYugito, AM:SummonAoda, minecraft:sapling, AM:chestplateMizuJounin, minecraft:compass, AM:chestplatechoji, AM:Easter2018Ninjutsu, AM:KaguyaClan, AM:ScytheHidanItem, AM:KubikiribochoItem, AM:legsSound, AM:ItemSmokeFist, AM:legssakura2, minecraft:record_ward, AM:RyoBronze, AM:chestplatesasuke2, AM:MedicalDelicateIllnessExtractionTechnique, minecraft:record_mall, AM:KatanaEmeraldItem, AM:CrystalReleaseCrystalArmor, AM:ItemBeer, AM:bootstsuchikage, AM:YinReleaseFlashOfDarkness, AM:SubsPresent1500, AM:legshinatathelast, AM:SpawnMizukage, AM:PakunRamen, AM:bootsyamato, AM:legsHan2, AM:helmetkimimaro, minecraft:iron_horse_armor, minecraft:netherrack, AM:chestplateasura, minecraft:log2, minecraft:torch, minecraft:fire_charge, minecraft:reeds, AM:bootstobirama, AM:EarthScroll, minecraft:double_plant, AM:WindReleaseAirBullets, AM:DefeatManda, AM:SharinganIzanami, AM:Easter2018CrackedEasterEggGreen, AM:ItemHighGradeWarmSake, AM:helmetnarutothelast, minecraft:golden_sword, minecraft:minecart, AM:DeathPossession, AM:EarthReleaseSandWaterfallBurial, AM:chestplatemadarayoung, AM:chestplatemaskedman, AM:helmetSenju, AM:bootsshikamaruyoung, AM:WaterReleaseExplodingWaterCollidingWave, AM:helmetrin, AM:bootsgaara, minecraft:log, AM:bootsKazeJounin, AM:SkillLearnerWindRelease, minecraft:gold_block, AM:legsSenju, AM:SummonArmoredNinken, AM:Easter2018EasterEggOrange, minecraft:end_portal, AM:YangReleaseSwordsOfLight, minecraft:stained_hardened_clay, AM:helmetsakura, minecraft:grass, minecraft:mycelium, AM:helmetAnbu2, AM:helmetsasori, AM:HelmetfinalAnbu, AM:legsKillerB, AM:ItemHighGradeWodka, minecraft:diamond_hoe, minecraft:lit_furnace, AM:KibaItem, AM:bootssasukethelast3, AM:bootsino, minecraft:jungle_stairs, minecraft:melon, AM:SummonNinken, minecraft:chest_minecart, AM:legsmenma, AM:summoningCorner4, minecraft:stone_pressure_plate, AM:AburameKikaichuSummon, AM:RinneganShuraBlastItem, AM:summoningSide2, AM:legssakura, minecraft:wooden_shovel, AM:WaterReleaseSword, AM:bootsSound, minecraft:spider_eye, AM:legsAnbu1, AM:summoningCorner3, AM:legssasori, minecraft:redstone_torch, minecraft:double_wooden_slab, AM:bootshikari, minecraft:leaves2, minecraft:farmland, minecraft:brewing_stand, AM:bootskidkakashi, AM:bootsneji2, minecraft:glowstone, AM:InuzukaBeastHumanClone, AM:LavaReleaseExpandingFlameRings, minecraft:apple, AM:chestplateSixPaths2, AM:legslee, AM:legsRoshi, AM:ShurikenSmallItem, AM:KatanaSilverItem, AM:SkillLearnerCurseMark, AM:ShurikenItem, AM:SuperCloneExplosion, AM:SandReleaseSandTsunami, AM:HeavenScroll, minecraft:sandstone, AM:TsuchigumoForbiddenLife, AM:helmettobirama, AM:EarthReleaseSandBurial, minecraft:stone_hoe, AM:LightningRelease10HitCombo, AM:ItemHighGradeWhiskey, AM:BrooklynrageRamen, AM:helmetsasuke2, AM:legsTest2, AM:helmetmadara, minecraft:record_mellohi, AM:MatatabiPhoenixFlowerJutsu, AM:chestplateAnbu3, AM:helmetkabuto, AM:StormReleaseInnerWave, AM:KageBunshinSexy, minecraft:iron_leggings, minecraft:wooden_hoe, AM:DefeatShukaku, AM:SkilllearnerKenjutsu, minecraft:slime_ball, AM:chestplateAnbu2, minecraft:rotten_flesh, AM:UzumakiHealBite, AM:BoilReleaseUnrivalledStrength, minecraft:record_blocks, AM:bootsJinshuriki2, AM:KetsuryuganGenjutsu, AM:ExplosionReleaseExplodingPalm, AM:helmetsasukertr, AM:LeafHurricane, AM:bootsboruto, AM:helmetzabuza, AM:blockSandTop, AM:KabutowariItem, AM:legsmadara, AM:RasenShurikenItem, minecraft:netherbrick, AM:legskabuto, minecraft:mushroom_stew, AM:ShibukiItem, minecraft:map, AM:chestplatelee, AM:helmetTsuJounin, AM:legsObitoMask2, minecraft:snow_layer, minecraft:nether_wart, AM:AQuestTransferDocuments, AM:FireReleaseGreatFireAnnihilation, AM:BoilReleaseSkilledMistTechnique, AM:helmetSage, AM:MedicalStrengthOfAHundredSeal, AM:MagnetReleaseDesertSuspension, AM:DefeatUchihaBrother, AM:ItemLiquor, AM:SkillLearnerKokuo, AM:helmetJounin, minecraft:bedrock, AM:DefeatKatsuyu, AM:AQuestEscort, AM:LightningBladeItem, AM:AburameInsectBog, AM:legszabuza, AM:ItemShakujoObito, AM:EarthReleaseEarthSpear, minecraft:pumpkin_seeds, AM:Easter2018EasterEggPurple, minecraft:lapis_block, AM:helmetino, AM:bootsmenma, AM:RyoGold, AM:bootsChuunin, minecraft:carrots, AM:bootsAnbu1, AM:summoningMiddle, AM:GeninExam, minecraft:trapped_chest, AM:ScorchReleaseExtremelySteamingMurder, AM:bootsminatogenin, AM:legsJounin, AM:helmetobito3, minecraft:diamond_sword, minecraft:brown_mushroom_block, AM:helmetNaruto, AM:legskimimaro, AM:ScorchReleaseHeath, AM:bootsRoshi, AM:KuramaClanEclipse, AM:ExplosiveClaySpiders, minecraft:dropper, AM:Easter2018Taijutsu, AM:helmetEmpty, AM:SteelReleaseSteelProjectile, AM:chestplateSamurai, minecraft:leather_boots, minecraft:wooden_sword, minecraft:deadbush, minecraft:fireworks, AM:WoodReleaseWorld, AM:bootsTest, AM:bootssasukethelast, AM:helmetSnop, AM:bootsSixPaths, minecraft:furnace_minecart, AM:blockCongealing, AM:helmetzabuza3, AM:legsEmpty, AM:SkillLearnerFireRelease, AM:SkillLearnerMangekyouKagutsuchi, AM:bootsTest2, minecraft:iron_boots, AM:legsNaruto, AM:TsuchigumoCharacterBind, minecraft:ghast_tear, AM:bootsObitoYoung, AM:ItemWodka, AM:legsnarutothelast, minecraft:spawn_egg, AM:DeathPossessionTM, AM:KageBunshin, AM:bootsTsuJounin, minecraft:golden_chestplate, minecraft:hay_block, AM:BodyReplacementTechnique, minecraft:double_stone_slab, AM:Easter2018WeaponItem, AM:legsTest, AM:bootsJinshuriki, AM:SkillLearnerScorchRelease, AM:helmethinata, minecraft:emerald_ore, AM:chestplateGenin, AM:SageInsect, AM:FrontLotus, minecraft:leather_helmet, AM:SNDKatanaItem, AM:legssasuke2, AM:DeathPossessionBM, minecraft:golden_rail, AM:SharinganKagutsuchiFlameWrappingFire, minecraft:shears, AM:ItemRasengan, AM:BoilReleasePropulsionFist, AM:ItemSharingan1, AM:EarthReleaseShieldOfSand, AM:SharinganShacklingStakesTechnique, AM:PaperBomb, AM:WoodClone, minecraft:hardened_clay, minecraft:bed, minecraft:sponge, AM:legshinata, minecraft:cocoa, AM:SkillLearnerMatatabi, minecraft:iron_bars, AM:SteelReleaseSteelShield, minecraft:stone_sword, minecraft:rail, minecraft:mob_spawner, minecraft:iron_axe, minecraft:wooden_slab, AM:WindReleaseWindMode, minecraft:cobblestone_wall, AM:ItemHitCombo, minecraft:record_13, AM:helmetSixPaths1, AM:InuzukaSpawnAkamaru, AM:SkillLearnerBoilRelease, minecraft:emerald_block, minecraft:melon_block, AM:SixPathsCTItem, AM:helmetchoji, minecraft:coal, AM:SkillLearnerYangRelease, AM:chestplatesakura, minecraft:diamond_shovel, minecraft:flowing_lava, AM:ExplosiveClayBirds, AM:helmetSixPaths, AM:DefeatKokuo, AM:ItemChibakuTensei, AM:chestplatesasori, minecraft:diamond_horse_armor, AM:EyeMedicinePlant, AM:SummonEnderShinobi, AM:bootssarada, AM:legschoji, minecraft:gold_ingot, AM:bootsEmpty, minecraft:cake, AM:helmetKazeJounin, minecraft:diamond_boots, AM:helmetKillerB, AM:bootsdeidara, AM:SummonGiantRhino, AM:AQuestStealDocuments, AM:LightningReleaseChidori, AM:KagutsuchiSwordItem, AM:helmetasura, minecraft:porkchop, AM:ExplosionReleaseC3, AM:SkillLearnerShikotsumyaku, AM:SkillLearnerUzumaki, AM:chestplateSage, AM:SharinganCoercion, minecraft:furnace, AM:SkillLearnerAburame, minecraft:stone_stairs, AM:helmetChuunin, AM:chestplateino, AM:legsasura, AM:ExplosionReleaseLandmineFist, AM:helmetObitoMask2, AM:helmetRaiJounin, minecraft:carrot, AM:FireReleaseRunningFireJutsu, minecraft:nether_brick, AM:chestplatedeidara, minecraft:enchanting_table, minecraft:diamond, AM:bootsChakraMode, AM:crystalTopBlock, AM:KageKunaiJutsu, AM:DefeatSaiken, AM:SpawnGeninBoss, AM:NuibariItem, AM:SharinganKagutsuchiBow, AM:MilitaryPillBlue, AM:bootsSixPaths1, AM:Katana7Item, AM:chestplatemadara, AM:JinshurikiTest, AM:watercuttingSword, AM:chestplatekabuto, AM:SummonLog, AM:SkillLearnerShirogane, AM:bootsLeafJounin, AM:ItemShakujoMadara, AM:helmetboruto, AM:SkillLearnerKetsuryugan, AM:chestplateSnop, minecraft:dark_oak_stairs, minecraft:oak_stairs, AM:Easter2018CrackedEasterEggRed, AM:EarthReleaseEarthGolemItem, AM:helmetUchiha, minecraft:cobblestone, minecraft:arrow, minecraft:quartz_stairs, minecraft:ender_chest, AM:SkillLearnerNara, minecraft:dirt, minecraft:bow, AM:SharinganTotsukaBlade, minecraft:lava, AM:chestplatezabuza, AM:chestplateKazeJounin, AM:SummonGamakichi, AM:helmetHaku, AM:InuzukaPassingFangOverFang, AM:bootsYugito, AM:chestplatecloud, minecraft:gold_ore, AM:helmetSasuke, AM:DeathPossessionMR, AM:legsUchiha, AM:TsuchigumoFury, AM:SharinganCrows, AM:WaterReleaseWaterPrisonJutsu, AM:ItemBodyFlickerTechnique, AM:chestplateJounin, AM:HealingJutsu, minecraft:flint_and_steel, AM:KuramaMind, minecraft:string, AM:SuperExplosionItem, AM:HeavenCutter, AM:chestplateObitoMask2, minecraft:boat, AM:crystalBlockLowest, AM:bootsRaiJounin, AM:bootsmadarayoung, minecraft:blaze_rod, AM:legsSasuke, AM:WoodReleaseCutting, AM:Easter2018CrackedEasterEggOrange, AM:bootssasuketaka2, AM:IburiClanSmokeForm, minecraft:golden_hoe, AM:ChakraRestoreItem2, minecraft:painting, AM:chestplateobito3, AM:helmetshisui, minecraft:golden_shovel, AM:CurseMandala, AM:chestplateNaruto, AM:SteelReleaseBlackPunch, AM:helmetsasukethelast, AM:helmetAnbu3, minecraft:record_stal, AM:UchihaKusanagiItem, minecraft:leather_chestplate, minecraft:stone_pickaxe, minecraft:cookie, AM:FlyingThunderKunaiItem, minecraft:diamond_pickaxe, AM:SummonNinjaZombie, AM:SkillLearnerKurama9, minecraft:cooked_fished, minecraft:sandstone_stairs, AM:ItemDarkRhum, minecraft:command_block_minecart, AM:DeathPossessionTR, AM:CQuestEscort, AM:BoilReleaseMeltdown, AM:InfernoGreatFireItem, AM:summoningSide3, AM:FireReleasePhoenixFlowerJutsu, minecraft:potion, AM:legsshisui, AM:legsSamurai, minecraft:experience_bottle, AM:legssasukertr, AM:legsAnbu2, AM:RashomonItem, AM:Katana2Item, AM:SharinganKagutsuchiFallingSwordsItem, AM:ItemCT, AM:BloodlineAwakening, minecraft:redstone, AM:MatatabiReleaseFireBulletJutsu, AM:ItemBigMugOBeer, AM:helmetdeidara, AM:legsChuunin, AM:legsTsuJounin, minecraft:piston, AM:legstsuchikage, AM:OneThousandMetrePunch, AM:MistServantTechnique, minecraft:chest, AM:YamanakaMindBody, minecraft:fishing_rod, minecraft:iron_sword, AM:BeatZabuza, AM:chestplateyamato, AM:Easter2018EasterEggYellow, AM:MedicalBodyPathwayDerangement, minecraft:pumpkin_pie, AM:chestplatehinata, AM:legsSixPaths, minecraft:wheat, AM:IchaIcha, AM:SixPathsTest, AM:helmetHan2, AM:MilitaryPillRed, minecraft:iron_ingot, minecraft:chainmail_chestplate, AM:helmetYaguro, minecraft:diamond_axe, AM:chestplategaara, minecraft:fence, AM:helmetJinshuriki2, minecraft:tallgrass, minecraft:red_mushroom_block, AM:KetsuryuganGenjutsu2, AM:BloodPrisonFence, AM:SkillLearnerSnakes, AM:SQuestStealDocuments, AM:SamehadaItem, minecraft:beacon, minecraft:gold_nugget, AM:PoisonBomb, AM:legsKazeJounin, minecraft:golden_helmet, minecraft:leather_leggings, minecraft:iron_shovel, AM:legsYaguro, AM:BootsfinalAnbu, minecraft:fire, minecraft:golden_apple, minecraft:soul_sand, AM:bootsMizuJounin, AM:blockBoneDown, AM:CrystalReleaseCrystalNeedles, AM:LavaReleaseAshStone, AM:ChakraThreads, minecraft:redstone_lamp, AM:KaguyaClanFlower, minecraft:iron_door, minecraft:snow, AM:bootsSenju, minecraft:stone_brick_stairs, minecraft:portal, AM:TailedBeastContinuousJutsuItem, AM:legsrin, AM:SkillLearnerLightningRelease, AM:WaterReleaseHiddenMist, minecraft:diamond_chestplate, AM:DefeatJuubi, minecraft:clay, minecraft:stone_axe, AM:Katana3Item, AM:WindReleaseVacuumSerialWaves, AM:chestplateSound, AM:Easter2018CrackedEasterEggPurple, minecraft:iron_ore, minecraft:web, AM:SkillLearnerSharingan, minecraft:nether_brick_stairs, AM:helmetminatogenin, AM:BijuuLocation, AM:ItemEdoTensei, AM:blockGoldDust, AM:KuramaClanCave, minecraft:cooked_chicken, minecraft:wooden_button, AM:ItemUseMana, AM:chestplateneji2, AM:bootsSamurai, AM:KuramaClanHerd, AM:helmetGenin, minecraft:wooden_axe, AM:SkillLearnerKurama, AM:bootsAnbu2, minecraft:stone_slab, minecraft:potatoes, minecraft:leaves, AM:ScorchReleaseIncineratingFlare, minecraft:tripwire_hook, AM:chestplateHaku, AM:helmetobito4, minecraft:fermented_spider_eye, AM:SkilllearnerTaijutsu, AM:ChuninExams, AM:legskidkakashi, minecraft:water, AM:Easter2018Summon, minecraft:golden_leggings, minecraft:nether_brick_fence, AM:helmetkisame, AM:SkillLearnerCrystalRelease, AM:chestplatenarutothelast, AM:WoodReleaseTallTrees, AM:Pizza, minecraft:planks, minecraft:glowstone_dust, AM:AburameInsectClone, AM:BubblesItem, minecraft:stained_glass_pane, AM:ChidoriSenbonItem, AM:chestplaterin, AM:legsobito4, AM:WindReleaseVacuumSphere, AM:LightningReleaseChidoriNagashi, AM:helmetmaskedman, AM:MilitaryPillOrange, minecraft:end_stone
[12:24:29] [Client thread/INFO]: [CHAT] Given [Amaterasu Fire] * 1 to Player578
[12:24:33] [Client thread/WARN]: Unable to play empty soundEvent: tm:AmaterasuSound2
[12:25:47] [Client thread/WARN]: Unable to play empty soundEvent: tm:AmaterasuSound2
[12:25:54] [Client thread/INFO]: [CHAT] Player578 has just earned the achievement [Taking Inventory]
[12:27:24] [Client thread/WARN]: Unable to play empty soundEvent: tm:AmaterasuSound2
[12:27:41] [Client thread/WARN]: Unable to play empty soundEvent: tm:AmaterasuSound2
[12:28:28] [Client thread/INFO]: Warning: Clientside chunk ticking took 455 ms
[12:28:29] [Client thread/INFO]: Warning: Clientside chunk ticking took 450 ms
[12:28:29] [Client thread/INFO]: Warning: Clientside chunk ticking took 435 ms
[12:28:30] [Client thread/INFO]: Warning: Clientside chunk ticking took 434 ms
[12:28:30] [Client thread/INFO]: Warning: Clientside chunk ticking took 203 ms
[12:28:30] [Client thread/INFO]: Warning: Clientside chunk ticking took 195 ms
[12:28:30] [Client thread/INFO]: Warning: Clientside chunk ticking took 165 ms
[12:28:31] [Client thread/INFO]: Warning: Clientside chunk ticking took 150 ms
[12:28:31] [Client thread/INFO]: Warning: Clientside chunk ticking took 142 ms
[12:28:31] [Client thread/INFO]: Warning: Clientside chunk ticking took 128 ms
[12:31:48] [Client thread/INFO]: Stopping!
